2020-10-08T14:14:25-0400 [INFO    ] dandi Traversing remote dandisets (000004) recursively
2020-10-08T14:14:25-0400 [INFO    ] backups2datalad.py Updating metadata file
2020-10-08T14:14:34-0400 [INFO    ] backups2datalad.py Syncing asset /sub-P10HMH/sub-P10HMH_ses-20060901_ecephys+image.nwb
2020-10-08T14:14:34-0400 [INFO    ] backups2datalad.py Asset in dataset, and hash shows no modification; will not update
2020-10-08T14:14:34-0400 [INFO    ] backups2datalad.py Syncing asset /sub-P11HMH/sub-P11HMH_ses-20061101_ecephys+image.nwb
2020-10-08T14:14:35-0400 [INFO    ] backups2datalad.py Asset in dataset, and hash shows no modification; will not update
2020-10-08T14:14:35-0400 [INFO    ] backups2datalad.py Syncing asset /sub-P14HMH/sub-P14HMH_ses-20070601_obj-1t8wrd5_ecephys+image.nwb
2020-10-08T14:14:35-0400 [INFO    ] backups2datalad.py Asset in dataset, and hash shows no modification; will not update
2020-10-08T14:14:35-0400 [INFO    ] backups2datalad.py Syncing asset /sub-P14HMH/sub-P14HMH_ses-20070601_obj-7studd_ecephys+image.nwb
2020-10-08T14:14:35-0400 [INFO    ] backups2datalad.py Asset in dataset, and hash shows no modification; will not update
2020-10-08T14:14:35-0400 [INFO    ] backups2datalad.py Syncing asset /sub-P15HMH/sub-P15HMH_ses-20070901_obj-a5xz9n_ecephys+image.nwb
2020-10-08T14:14:36-0400 [INFO    ] backups2datalad.py Asset in dataset, and hash shows no modification; will not update
2020-10-08T14:14:36-0400 [INFO    ] backups2datalad.py Syncing asset /sub-P15HMH/sub-P15HMH_ses-20070901_obj-bdd49u_ecephys+image.nwb
2020-10-08T14:14:36-0400 [INFO    ] backups2datalad.py Asset in dataset, and hash shows no modification; will not update
2020-10-08T14:14:36-0400 [INFO    ] backups2datalad.py Syncing asset /sub-P16HMH/sub-P16HMH_ses-20071001_obj-12ambkj_ecephys+image.nwb
2020-10-08T14:14:37-0400 [INFO    ] backups2datalad.py Asset in dataset, and hash shows no modification; will not update
2020-10-08T14:14:37-0400 [INFO    ] backups2datalad.py Syncing asset /sub-P16HMH/sub-P16HMH_ses-20071001_obj-1jfnx96_ecephys+image.nwb
2020-10-08T14:14:37-0400 [INFO    ] backups2datalad.py Asset in dataset, and hash shows no modification; will not update
2020-10-08T14:14:37-0400 [INFO    ] backups2datalad.py Syncing asset /sub-P17HMH/sub-P17HMH_ses-20080501_ecephys+image.nwb
2020-10-08T14:14:37-0400 [INFO    ] backups2datalad.py Asset in dataset, and hash shows no modification; will not update
2020-10-08T14:14:37-0400 [INFO    ] backups2datalad.py Syncing asset /sub-P18HMH/sub-P18HMH_ses-20080601_ecephys+image.nwb
2020-10-08T14:14:38-0400 [INFO    ] backups2datalad.py Asset in dataset, and hash shows no modification; will not update
2020-10-08T14:14:38-0400 [INFO    ] backups2datalad.py Syncing asset /sub-P19HMH/sub-P19HMH_ses-20080601_obj-1tmj21e_ecephys+image.nwb
2020-10-08T14:14:38-0400 [INFO    ] backups2datalad.py Asset in dataset, and hash shows no modification; will not update
2020-10-08T14:14:38-0400 [INFO    ] backups2datalad.py Syncing asset /sub-P19HMH/sub-P19HMH_ses-20080601_obj-uw5up9_ecephys+image.nwb
2020-10-08T14:14:38-0400 [INFO    ] backups2datalad.py Asset in dataset, and hash shows no modification; will not update
2020-10-08T14:14:38-0400 [INFO    ] backups2datalad.py Syncing asset /sub-P21HMH/sub-P21HMH_ses-20090101_obj-1femyyi_ecephys+image.nwb
2020-10-08T14:14:39-0400 [INFO    ] backups2datalad.py Asset in dataset, and hash shows no modification; will not update
2020-10-08T14:14:39-0400 [INFO    ] backups2datalad.py Syncing asset /sub-P21HMH/sub-P21HMH_ses-20090101_obj-3ljvpn_ecephys+image.nwb
2020-10-08T14:14:39-0400 [INFO    ] backups2datalad.py Asset in dataset, and hash shows no modification; will not update
2020-10-08T14:14:39-0400 [INFO    ] backups2datalad.py Syncing asset /sub-P21HMH/sub-P21HMH_ses-20090101_obj-slgaak_ecephys+image.nwb
2020-10-08T14:14:40-0400 [INFO    ] backups2datalad.py Asset in dataset, and hash shows no modification; will not update
2020-10-08T14:14:40-0400 [INFO    ] backups2datalad.py Syncing asset /sub-P23HMH/sub-P23HMH_ses-20090201_obj-1k3199e_ecephys+image.nwb
2020-10-08T14:14:40-0400 [INFO    ] backups2datalad.py Asset in dataset, and hash shows no modification; will not update
2020-10-08T14:14:40-0400 [INFO    ] backups2datalad.py Syncing asset /sub-P23HMH/sub-P23HMH_ses-20090201_obj-1tm3w39_ecephys+image.nwb
2020-10-08T14:14:41-0400 [INFO    ] backups2datalad.py Asset in dataset, and hash shows no modification; will not update
2020-10-08T14:14:41-0400 [INFO    ] backups2datalad.py Syncing asset /sub-P23HMH/sub-P23HMH_ses-20090201_obj-q3na3m_ecephys+image.nwb
2020-10-08T14:14:41-0400 [INFO    ] backups2datalad.py Asset in dataset, and hash shows no modification; will not update
2020-10-08T14:14:41-0400 [INFO    ] backups2datalad.py Syncing asset /sub-P24CS/sub-P24CS_ses-20120901_obj-enj8r0_ecephys+image.nwb
2020-10-08T14:14:41-0400 [INFO    ] backups2datalad.py Asset in dataset, and hash shows no modification; will not update
2020-10-08T14:14:41-0400 [INFO    ] backups2datalad.py Syncing asset /sub-P24CS/sub-P24CS_ses-20120901_obj-j6ja42_ecephys+image.nwb
2020-10-08T14:14:42-0400 [INFO    ] backups2datalad.py Asset in dataset, and hash shows no modification; will not update
2020-10-08T14:14:42-0400 [INFO    ] backups2datalad.py Syncing asset /sub-P25CS/sub-P25CS_ses-20120901_obj-1nyxvwf_ecephys+image.nwb
2020-10-08T14:14:42-0400 [INFO    ] backups2datalad.py Asset in dataset, and hash shows no modification; will not update
2020-10-08T14:14:42-0400 [INFO    ] backups2datalad.py Syncing asset /sub-P25CS/sub-P25CS_ses-20120901_obj-uhyr63_ecephys+image.nwb
2020-10-08T14:14:42-0400 [INFO    ] backups2datalad.py Asset in dataset, and hash shows no modification; will not update
2020-10-08T14:14:42-0400 [INFO    ] backups2datalad.py Syncing asset /sub-P26CS/sub-P26CS_ses-20121201_obj-a9jb4x_ecephys+image.nwb
2020-10-08T14:14:43-0400 [INFO    ] backups2datalad.py Asset in dataset, and hash shows no modification; will not update
2020-10-08T14:14:43-0400 [INFO    ] backups2datalad.py Syncing asset /sub-P26CS/sub-P26CS_ses-20121201_obj-bms1d7_ecephys+image.nwb
2020-10-08T14:14:43-0400 [INFO    ] backups2datalad.py Asset in dataset, and hash shows no modification; will not update
2020-10-08T14:14:43-0400 [INFO    ] backups2datalad.py Syncing asset /sub-P27CS/sub-P27CS_ses-20130101_ecephys+image.nwb
2020-10-08T14:14:44-0400 [INFO    ] backups2datalad.py Asset in dataset, and hash shows no modification; will not update
2020-10-08T14:14:44-0400 [INFO    ] backups2datalad.py Syncing asset /sub-P27HMH/sub-P27HMH_ses-20100201_ecephys+image.nwb
2020-10-08T14:14:44-0400 [INFO    ] backups2datalad.py Asset in dataset, and hash shows no modification; will not update
2020-10-08T14:14:44-0400 [INFO    ] backups2datalad.py Syncing asset /sub-P28HMH/sub-P28HMH_ses-20100313_ecephys+image.nwb
2020-10-08T14:14:44-0400 [INFO    ] backups2datalad.py Asset in dataset, and hash shows no modification; will not update
2020-10-08T14:14:44-0400 [INFO    ] backups2datalad.py Syncing asset /sub-P29CS/sub-P29CS_ses-20131001_obj-1ka9ngw_ecephys+image.nwb
2020-10-08T14:14:45-0400 [INFO    ] backups2datalad.py Asset in dataset, and hash shows no modification; will not update
2020-10-08T14:14:45-0400 [INFO    ] backups2datalad.py Syncing asset /sub-P29CS/sub-P29CS_ses-20131001_obj-r4hf2_ecephys+image.nwb
2020-10-08T14:14:45-0400 [INFO    ] backups2datalad.py Asset in dataset, and hash shows no modification; will not update
2020-10-08T14:14:45-0400 [INFO    ] backups2datalad.py Syncing asset /sub-P29HMH/sub-P29HMH_ses-20101201_ecephys+image.nwb
2020-10-08T14:14:45-0400 [INFO    ] backups2datalad.py Asset in dataset, and hash shows no modification; will not update
2020-10-08T14:14:46-0400 [INFO    ] backups2datalad.py Syncing asset /sub-P31CS/sub-P31CS_ses-20140201_ecephys+image.nwb
2020-10-08T14:14:46-0400 [INFO    ] backups2datalad.py Asset in dataset, and hash shows no modification; will not update
2020-10-08T14:14:46-0400 [INFO    ] backups2datalad.py Syncing asset /sub-P31HMH/sub-P31HMH_ses-20110401_ecephys+image.nwb
2020-10-08T14:14:46-0400 [INFO    ] backups2datalad.py Asset in dataset, and hash shows no modification; will not update
2020-10-08T14:14:46-0400 [INFO    ] backups2datalad.py Syncing asset /sub-P32CS/sub-P32CS_ses-20140201_ecephys+image.nwb
2020-10-08T14:14:47-0400 [INFO    ] backups2datalad.py Asset in dataset, and hash shows no modification; will not update
2020-10-08T14:14:47-0400 [INFO    ] backups2datalad.py Syncing asset /sub-P33CS/sub-P33CS_ses-20140301_obj-1ps6q26_ecephys+image.nwb
2020-10-08T14:14:47-0400 [INFO    ] backups2datalad.py Asset in dataset, and hash shows no modification; will not update
2020-10-08T14:14:47-0400 [INFO    ] backups2datalad.py Syncing asset /sub-P33CS/sub-P33CS_ses-20140301_obj-1xtqryy_ecephys+image.nwb
2020-10-08T14:14:47-0400 [INFO    ] backups2datalad.py Asset in dataset, and hash shows no modification; will not update
2020-10-08T14:14:47-0400 [INFO    ] backups2datalad.py Syncing asset /sub-P33CS/sub-P33CS_ses-20140301_obj-olcyje_ecephys+image.nwb
2020-10-08T14:14:48-0400 [INFO    ] backups2datalad.py Asset in dataset, and hash shows no modification; will not update
2020-10-08T14:14:48-0400 [INFO    ] backups2datalad.py Syncing asset /sub-P33HMH/sub-P33HMH_ses-20110701_ecephys+image.nwb
2020-10-08T14:14:48-0400 [INFO    ] backups2datalad.py Asset in dataset, and hash shows no modification; will not update
2020-10-08T14:14:48-0400 [INFO    ] backups2datalad.py Syncing asset /sub-P34CS/sub-P34CS_ses-20141201_ecephys+image.nwb
2020-10-08T14:14:49-0400 [INFO    ] backups2datalad.py Asset in dataset, and hash shows no modification; will not update
2020-10-08T14:14:49-0400 [INFO    ] backups2datalad.py Syncing asset /sub-P37CS/sub-P37CS_ses-20150301_ecephys+image.nwb
2020-10-08T14:14:49-0400 [INFO    ] backups2datalad.py Asset in dataset, and hash shows no modification; will not update
2020-10-08T14:14:49-0400 [INFO    ] backups2datalad.py Syncing asset /sub-P38CS/sub-P38CS_ses-20150701_ecephys+image.nwb
2020-10-08T14:14:49-0400 [INFO    ] backups2datalad.py Asset in dataset, and hash shows no modification; will not update
2020-10-08T14:14:49-0400 [INFO    ] backups2datalad.py Syncing asset /sub-P39CS/sub-P39CS_ses-20150801_obj-14sjqvm_ecephys+image.nwb
2020-10-08T14:14:50-0400 [INFO    ] backups2datalad.py Asset in dataset, and hash shows no modification; will not update
2020-10-08T14:14:50-0400 [INFO    ] backups2datalad.py Syncing asset /sub-P39CS/sub-P39CS_ses-20150801_obj-14vknkz_ecephys+image.nwb
2020-10-08T14:14:50-0400 [INFO    ] backups2datalad.py Asset in dataset, and hash shows no modification; will not update
2020-10-08T14:14:50-0400 [INFO    ] backups2datalad.py Syncing asset /sub-P40CS/sub-P40CS_ses-20160101_ecephys+image.nwb
2020-10-08T14:14:51-0400 [INFO    ] backups2datalad.py Asset in dataset, and hash shows no modification; will not update
2020-10-08T14:14:51-0400 [INFO    ] backups2datalad.py Syncing asset /sub-P42CS/sub-P42CS_ses-20160801_obj-4o8frf_ecephys+image.nwb
2020-10-08T14:14:51-0400 [INFO    ] backups2datalad.py Asset in dataset, and hash shows no modification; will not update
2020-10-08T14:14:51-0400 [INFO    ] backups2datalad.py Syncing asset /sub-P42CS/sub-P42CS_ses-20160801_obj-xl1j7v_ecephys+image.nwb
2020-10-08T14:14:51-0400 [INFO    ] backups2datalad.py Asset in dataset, and hash shows no modification; will not update
2020-10-08T14:14:51-0400 [INFO    ] backups2datalad.py Syncing asset /sub-P42HMH/sub-P42HMH_ses-20130301_obj-1ysquep_ecephys+image.nwb
2020-10-08T14:14:52-0400 [INFO    ] backups2datalad.py Asset in dataset, and hash shows no modification; will not update
2020-10-08T14:14:52-0400 [INFO    ] backups2datalad.py Syncing asset /sub-P42HMH/sub-P42HMH_ses-20130301_obj-4rl7w2_ecephys+image.nwb
2020-10-08T14:14:52-0400 [INFO    ] backups2datalad.py Asset in dataset, and hash shows no modification; will not update
2020-10-08T14:14:52-0400 [INFO    ] backups2datalad.py Syncing asset /sub-P43CS/sub-P43CS_ses-20161101_ecephys+image.nwb
2020-10-08T14:14:52-0400 [INFO    ] backups2datalad.py Asset in dataset, and hash shows no modification; will not update
2020-10-08T14:14:53-0400 [INFO    ] backups2datalad.py Syncing asset /sub-P43HMH/sub-P43HMH_ses-20130401_ecephys+image.nwb
2020-10-08T14:14:53-0400 [INFO    ] backups2datalad.py Asset in dataset, and hash shows no modification; will not update
2020-10-08T14:14:53-0400 [INFO    ] backups2datalad.py Syncing asset /sub-P44CS/sub-P44CS_ses-20160901_ecephys+image.nwb
2020-10-08T14:14:53-0400 [INFO    ] backups2datalad.py Asset in dataset, and hash shows no modification; will not update
2020-10-08T14:14:53-0400 [INFO    ] backups2datalad.py Syncing asset /sub-P44HMH/sub-P44HMH_ses-20000101_ecephys+image.nwb
2020-10-08T14:14:54-0400 [INFO    ] backups2datalad.py Asset in dataset, and hash shows no modification; will not update
2020-10-08T14:14:54-0400 [INFO    ] backups2datalad.py Syncing asset /sub-P47CS/sub-P47CS_ses-20170201_ecephys+image.nwb
2020-10-08T14:14:54-0400 [INFO    ] backups2datalad.py Asset in dataset, and hash shows no modification; will not update
2020-10-08T14:14:54-0400 [INFO    ] backups2datalad.py Syncing asset /sub-P47HMH/sub-P47HMH_ses-20140601_obj-idwqk1_ecephys+image.nwb
2020-10-08T14:14:54-0400 [INFO    ] backups2datalad.py Asset in dataset, and hash shows no modification; will not update
2020-10-08T14:14:55-0400 [INFO    ] backups2datalad.py Syncing asset /sub-P47HMH/sub-P47HMH_ses-20140601_obj-vnr1ai_ecephys+image.nwb
2020-10-08T14:14:55-0400 [INFO    ] backups2datalad.py Asset in dataset, and hash shows no modification; will not update
2020-10-08T14:14:55-0400 [INFO    ] backups2datalad.py Syncing asset /sub-P48CS/sub-P48CS_ses-20170301_ecephys+image.nwb
2020-10-08T14:14:55-0400 [INFO    ] backups2datalad.py Asset in dataset, and hash shows no modification; will not update
2020-10-08T14:14:55-0400 [INFO    ] backups2datalad.py Syncing asset /sub-P48HMH/sub-P48HMH_ses-20141201_ecephys+image.nwb
2020-10-08T14:14:56-0400 [INFO    ] backups2datalad.py Asset in dataset, and hash shows no modification; will not update
2020-10-08T14:14:56-0400 [INFO    ] backups2datalad.py Syncing asset /sub-P49CS/sub-P49CS_ses-20170501_obj-1ft8efg_ecephys+image.nwb
2020-10-08T14:14:56-0400 [INFO    ] backups2datalad.py Asset in dataset, and hash shows no modification; will not update
2020-10-08T14:14:56-0400 [INFO    ] backups2datalad.py Syncing asset /sub-P49CS/sub-P49CS_ses-20170501_obj-1tdxaqk_ecephys+image.nwb
2020-10-08T14:14:56-0400 [INFO    ] backups2datalad.py Asset in dataset, and hash shows no modification; will not update
2020-10-08T14:14:56-0400 [INFO    ] backups2datalad.py Syncing asset /sub-P51CS/sub-P51CS_ses-20170701_obj-r8wk_ecephys+image.nwb
2020-10-08T14:14:57-0400 [INFO    ] backups2datalad.py Asset in dataset, and hash shows no modification; will not update
2020-10-08T14:14:57-0400 [INFO    ] backups2datalad.py Syncing asset /sub-P51CS/sub-P51CS_ses-20170701_obj-whpzxi_ecephys+image.nwb
2020-10-08T14:14:57-0400 [INFO    ] backups2datalad.py Asset in dataset, and hash shows no modification; will not update
2020-10-08T14:14:57-0400 [INFO    ] backups2datalad.py Syncing asset /sub-P51HMH/sub-P51HMH_ses-20160201_obj-14ikvd2_ecephys+image.nwb
2020-10-08T14:14:58-0400 [INFO    ] backups2datalad.py Asset in dataset, and hash shows no modification; will not update
2020-10-08T14:14:58-0400 [INFO    ] backups2datalad.py Syncing asset /sub-P51HMH/sub-P51HMH_ses-20160201_obj-1hgu6x_ecephys+image.nwb
2020-10-08T14:14:58-0400 [INFO    ] backups2datalad.py Asset in dataset, and hash shows no modification; will not update
2020-10-08T14:14:58-0400 [INFO    ] backups2datalad.py Syncing asset /sub-P53CS/sub-P53CS_ses-20171101_obj-108aqix_ecephys+image.nwb
2020-10-08T14:14:58-0400 [INFO    ] backups2datalad.py Asset in dataset, and hash shows no modification; will not update
2020-10-08T14:14:58-0400 [INFO    ] backups2datalad.py Syncing asset /sub-P53CS/sub-P53CS_ses-20171101_obj-lj04dr_ecephys+image.nwb
2020-10-08T14:14:59-0400 [INFO    ] backups2datalad.py Asset in dataset, and hash shows no modification; will not update
2020-10-08T14:14:59-0400 [INFO    ] backups2datalad.py Syncing asset /sub-P54CS/sub-P54CS_ses-20180101_obj-1ru98u8_ecephys+image.nwb
2020-10-08T14:14:59-0400 [INFO    ] backups2datalad.py Asset in dataset, and hash shows no modification; will not update
2020-10-08T14:14:59-0400 [INFO    ] backups2datalad.py Syncing asset /sub-P54CS/sub-P54CS_ses-20180101_obj-1ukzk61_ecephys+image.nwb
2020-10-08T14:15:00-0400 [INFO    ] backups2datalad.py Asset in dataset, and hash shows no modification; will not update
2020-10-08T14:15:00-0400 [INFO    ] backups2datalad.py Syncing asset /sub-P54CS/sub-P54CS_ses-20180101_obj-1vx1a5w_ecephys+image.nwb
2020-10-08T14:15:00-0400 [INFO    ] backups2datalad.py Asset in dataset, and hash shows no modification; will not update
2020-10-08T14:15:00-0400 [INFO    ] backups2datalad.py Syncing asset /sub-P55CS/sub-P55CS_ses-20180301_ecephys+image.nwb
2020-10-08T14:15:00-0400 [INFO    ] backups2datalad.py Asset in dataset, and hash shows no modification; will not update
2020-10-08T14:15:00-0400 [INFO    ] backups2datalad.py Syncing asset /sub-P56CS/sub-P56CS_ses-20180401_ecephys+image.nwb
2020-10-08T14:15:01-0400 [INFO    ] backups2datalad.py Asset in dataset, and hash shows no modification; will not update
2020-10-08T14:15:01-0400 [INFO    ] backups2datalad.py Syncing asset /sub-P57CS/sub-P57CS_ses-20180601_obj-12hkdgu_ecephys+image.nwb
2020-10-08T14:15:01-0400 [WARNING ] backups2datalad.py Asset metadata does not include sha256 hash
2020-10-08T14:15:01-0400 [INFO    ] backups2datalad.py Asset in dataset, hash not available, and size is unchanged; will not update
2020-10-08T14:15:01-0400 [INFO    ] backups2datalad.py Syncing asset /sub-P57CS/sub-P57CS_ses-20180601_obj-9ad1o5_ecephys+image.nwb
2020-10-08T14:15:01-0400 [INFO    ] backups2datalad.py Asset in dataset, and hash shows no modification; will not update
2020-10-08T14:15:01-0400 [INFO    ] backups2datalad.py Syncing asset /sub-P58CS/sub-P58CS_ses-20180701_obj-ia8uyp_ecephys+image.nwb
2020-10-08T14:15:02-0400 [INFO    ] backups2datalad.py Asset in dataset, and hash shows no modification; will not update
2020-10-08T14:15:02-0400 [INFO    ] backups2datalad.py Syncing asset /sub-P58CS/sub-P58CS_ses-20180701_obj-n6u3dz_ecephys+image.nwb
2020-10-08T14:15:02-0400 [INFO    ] backups2datalad.py Asset in dataset, and hash shows no modification; will not update
2020-10-08T14:15:02-0400 [INFO    ] backups2datalad.py Syncing asset /sub-P60CS/sub-P60CS_ses-20181001_ecephys+image.nwb
2020-10-08T14:15:02-0400 [INFO    ] backups2datalad.py Asset in dataset, and hash shows no modification; will not update
2020-10-08T14:15:03-0400 [INFO    ] backups2datalad.py Syncing asset /sub-P61CS/sub-P61CS_ses-20190201_ecephys+image.nwb
2020-10-08T14:15:03-0400 [INFO    ] backups2datalad.py Asset in dataset, and hash shows no modification; will not update
2020-10-08T14:15:03-0400 [INFO    ] backups2datalad.py Syncing asset /sub-P62CS/sub-P62CS_ses-20190401_ecephys+image.nwb
2020-10-08T14:15:03-0400 [INFO    ] backups2datalad.py Asset in dataset, and hash shows no modification; will not update
2020-10-08T14:15:03-0400 [INFO    ] backups2datalad.py Syncing asset /sub-P9HMH/sub-P9HMH_ses-20060301_obj-1otd1m8_ecephys+image.nwb
2020-10-08T14:15:04-0400 [INFO    ] backups2datalad.py Asset in dataset, and hash shows no modification; will not update
2020-10-08T14:15:04-0400 [INFO    ] backups2datalad.py Syncing asset /sub-P9HMH/sub-P9HMH_ses-20060301_obj-2arzt6_ecephys+image.nwb
2020-10-08T14:15:04-0400 [INFO    ] backups2datalad.py Asset in dataset, and hash shows no modification; will not update
2020-10-08T14:15:04-0400 [INFO    ] backups2datalad.py Syncing asset /sub-TWH088/sub-TWH088_ses-20180301_obj-14chmi4_ecephys+image.nwb
2020-10-08T14:15:04-0400 [INFO    ] backups2datalad.py Asset in dataset, and hash shows no modification; will not update
2020-10-08T14:15:04-0400 [INFO    ] backups2datalad.py Syncing asset /sub-TWH088/sub-TWH088_ses-20180301_obj-fkumf6_ecephys+image.nwb
2020-10-08T14:15:05-0400 [INFO    ] backups2datalad.py Asset in dataset, and hash shows no modification; will not update
2020-10-08T14:15:05-0400 [INFO    ] backups2datalad.py Syncing asset /sub-TWH089/sub-TWH089_ses-20180301_ecephys+image.nwb
2020-10-08T14:15:05-0400 [INFO    ] backups2datalad.py Asset in dataset, and hash shows no modification; will not update
2020-10-08T14:15:05-0400 [INFO    ] backups2datalad.py Syncing asset /sub-TWH090/sub-TWH090_ses-20180401_ecephys+image.nwb
2020-10-08T14:15:06-0400 [INFO    ] backups2datalad.py Asset in dataset, and hash shows no modification; will not update
2020-10-08T14:15:06-0400 [INFO    ] backups2datalad.py Syncing asset /sub-TWH098/sub-TWH098_ses-20180901_ecephys+image.nwb
2020-10-08T14:15:06-0400 [INFO    ] backups2datalad.py Asset in dataset, and hash shows no modification; will not update
2020-10-08T14:15:06-0400 [INFO    ] backups2datalad.py Syncing asset /sub-TWH100/sub-TWH100_ses-20181001_ecephys+image.nwb
2020-10-08T14:15:06-0400 [INFO    ] backups2datalad.py Asset in dataset, and hash shows no modification; will not update
2020-10-08T14:15:06-0400 [INFO    ] backups2datalad.py Syncing asset /sub-TWH101/sub-TWH101_ses-20181001_ecephys+image.nwb
2020-10-08T14:15:07-0400 [INFO    ] backups2datalad.py Asset in dataset, and hash shows no modification; will not update
2020-10-08T14:15:07-0400 [INFO    ] backups2datalad.py Syncing asset /sub-TWH103/sub-TWH103_ses-20181101_ecephys+image.nwb
2020-10-08T14:15:07-0400 [INFO    ] backups2datalad.py Asset in dataset, and hash shows no modification; will not update
2020-10-08T14:15:07-0400 [INFO    ] backups2datalad.py Syncing asset /sub-TWH107/sub-TWH107_ses-20181201_ecephys+image.nwb
2020-10-08T14:15:08-0400 [INFO    ] backups2datalad.py Asset in dataset, and hash shows no modification; will not update
2020-10-08T14:15:08-0400 [INFO    ] backups2datalad.py Commiting changes
